# JRE version: Java(TM) SE Runtime Environment (14.0.1+7) (build 14.0.1+7)
# Java VM: Java HotSpot(TM) 64-Bit Server VM (14.0.1+7, mixed mode, sharing, tiered, compressed oops, g1 gc, windows-amd64)
Heap:
 garbage-first heap   total 65536K, used 52331K [0x00000000c0000000, 0x0000000100000000)
  region size 1024K, 18 young (18432K), 2 survivors (2048K)
 Metaspace       used 13576K, capacity 13826K, committed 14208K, reserved 1062912K
  class space    used 1471K, capacity 1579K, committed 1664K, reserved 1048576K
GC Heap History (16 events):
Event: 1.301 GC heap before
{Heap before GC invocations=0 (full 0):
 garbage-first heap   total 65536K, used 6144K [0x00000000c0000000, 0x0000000100000000)
  region size 1024K, 6 young (6144K), 0 survivors (0K)
 Metaspace       used 8808K, capacity 9084K, committed 9216K, reserved 1056768K
  class space    used 1084K, capacity 1196K, committed 1280K, reserved 1048576K
}
Event: 1.326 GC heap after
{Heap after GC invocations=1 (full 0):
 garbage-first heap   total 65536K, used 2702K [0x00000000c0000000, 0x0000000100000000)
  region size 1024K, 1 young (1024K), 1 survivors (1024K)
 Metaspace       used 8808K, capacity 9084K, committed 9216K, reserved 1056768K
  class space    used 1084K, capacity 1196K, committed 1280K, reserved 1048576K
}
Event: 2.010 GC heap before
{Heap before GC invocations=1 (full 0):
 garbage-first heap   total 65536K, used 14990K [0x00000000c0000000, 0x0000000100000000)
  region size 1024K, 5 young (5120K), 1 survivors (1024K)
 Metaspace       used 9164K, capacity 9473K, committed 9728K, reserved 1058816K
  class space    used 1112K, capacity 1242K, committed 1280K, reserved 1048576K
}
Event: 2.016 GC heap after
{Heap after GC invocations=2 (full 0):
 garbage-first heap   total 65536K, used 11303K [0x00000000c0000000, 0x0000000100000000)
  region size 1024K, 1 young (1024K), 1 survivors (1024K)
 Metaspace       used 9164K, capacity 9473K, committed 9728K, reserved 1058816K
  class space    used 1112K, capacity 1242K, committed 1280K, reserved 1048576K
}
Event: 2.811 GC heap before
{Heap before GC invocations=2 (full 0):
 garbage-first heap   total 65536K, used 25639K [0x00000000c0000000, 0x0000000100000000)
  region size 1024K, 10 young (10240K), 1 survivors (1024K)
 Metaspace       used 10233K, capacity 10496K, committed 10624K, reserved 1058816K
  class space    used 1236K, capacity 1350K, committed 1408K, reserved 1048576K
}
Event: 2.813 GC heap after
{Heap after GC invocations=3 (full 0):
 garbage-first heap   total 65536K, used 17783K [0x00000000c0000000, 0x0000000100000000)
  region size 1024K, 1 young (1024K), 1 survivors (1024K)
 Metaspace       used 10233K, capacity 10496K, committed 10624K, reserved 1058816K
  class space    used 1236K, capacity 1350K, committed 1408K, reserved 1048576K
}
Event: 419.604 GC heap before
{Heap before GC invocations=3 (full 0):
 garbage-first heap   total 65536K, used 50551K [0x00000000c0000000, 0x0000000100000000)
  region size 1024K, 23 young (23552K), 1 survivors (1024K)
 Metaspace       used 12739K, capacity 12970K, committed 13184K, reserved 1060864K
  class space    used 1462K, capacity 1577K, committed 1664K, reserved 1048576K
}
Event: 419.612 GC heap after
{Heap after GC invocations=4 (full 0):
 garbage-first heap   total 65536K, used 33107K [0x00000000c0000000, 0x0000000100000000)
  region size 1024K, 4 young (4096K), 4 survivors (4096K)
 Metaspace       used 12739K, capacity 12970K, committed 13184K, reserved 1060864K
  class space    used 1462K, capacity 1577K, committed 1664K, reserved 1048576K
}
Event: 427.216 GC heap before
{Heap before GC invocations=5 (full 0):
 garbage-first heap   total 65536K, used 42323K [0x00000000c0000000, 0x0000000100000000)
  region size 1024K, 12 young (12288K), 4 survivors (4096K)
 Metaspace       used 12991K, capacity 13259K, committed 13440K, reserved 1060864K
  class space    used 1471K, capacity 1609K, committed 1664K, reserved 1048576K
}
Event: 427.224 GC heap after
{Heap after GC invocations=6 (full 0):
 garbage-first heap   total 65536K, used 36430K [0x00000000c0000000, 0x0000000100000000)
  region size 1024K, 1 young (1024K), 1 survivors (1024K)
 Metaspace       used 12991K, capacity 13259K, committed 13440K, reserved 1060864K
  class space    used 1471K, capacity 1609K, committed 1664K, reserved 1048576K
}
Event: 2009.361 GC heap before
{Heap before GC invocations=7 (full 0):
 garbage-first heap   total 65536K, used 46670K [0x00000000c0000000, 0x0000000100000000)
  region size 1024K, 10 young (10240K), 1 survivors (1024K)
 Metaspace       used 13281K, capacity 13580K, committed 13696K, reserved 1060864K
  class space    used 1479K, capacity 1609K, committed 1664K, reserved 1048576K
}
Event: 2009.366 GC heap after
{Heap after GC invocations=8 (full 0):
 garbage-first heap   total 65536K, used 39780K [0x00000000c0000000, 0x0000000100000000)
  region size 1024K, 1 young (1024K), 1 survivors (1024K)
 Metaspace       used 13281K, capacity 13580K, committed 13696K, reserved 1060864K
  class space    used 1479K, capacity 1609K, committed 1664K, reserved 1048576K
}
Event: 2778.305 GC heap before
{Heap before GC invocations=9 (full 0):
 garbage-first heap   total 65536K, used 42852K [0x00000000c0000000, 0x0000000100000000)
  region size 1024K, 14 young (14336K), 1 survivors (1024K)
 Metaspace       used 13449K, capacity 13697K, committed 13952K, reserved 1060864K
  class space    used 1464K, capacity 1579K, committed 1664K, reserved 1048576K
}
Event: 2778.312 GC heap after
{Heap after GC invocations=10 (full 0):
 garbage-first heap   total 65536K, used 31629K [0x00000000c0000000, 0x0000000100000000)
  region size 1024K, 2 young (2048K), 2 survivors (2048K)
 Metaspace       used 13449K, capacity 13697K, committed 13952K, reserved 1060864K
  class space    used 1464K, capacity 1579K, committed 1664K, reserved 1048576K
}
Event: 2778.315 GC heap before
{Heap before GC invocations=10 (full 0):
 garbage-first heap   total 65536K, used 31629K [0x00000000c0000000, 0x0000000100000000)
  region size 1024K, 3 young (3072K), 2 survivors (2048K)
 Metaspace       used 13450K, capacity 13697K, committed 13952K, reserved 1060864K
  class space    used 1464K, capacity 1579K, committed 1664K, reserved 1048576K
}
Event: 2778.319 GC heap after
{Heap after GC invocations=11 (full 0):
 garbage-first heap   total 65536K, used 31851K [0x00000000c0000000, 0x0000000100000000)
  region size 1024K, 2 young (2048K), 2 survivors (2048K)
 Metaspace       used 13450K, capacity 13697K, committed 13952K, reserved 1060864K
  class space    used 1464K, capacity 1579K, committed 1664K, reserved 1048576K
}

